<?xml version="1.0" encoding="UTF-8"?>
<testsuite name="Gradle Test Run :test" tests="1" skipped="0" failures="1" errors="0" timestamp="2026-01-04T11:52:30.856Z" hostname="sheldon-Latitude-5300" time="3.882">
  <properties/>
  <testcase name="failed to execute tests" classname="Gradle Test Run :test" time="3.882">
    <failure message="org.gradle.process.ProcessExecutionException: Process 'Gradle Test Executor 3' finished with non-zero exit value 1" type="org.gradle.process.ProcessExecutionException">org.gradle.process.ProcessExecutionException: Process 'Gradle Test Executor 3' finished with non-zero exit value 1
	at org.gradle.process.internal.DefaultExecHandle$ExecResultImpl.assertNormalExitValue(DefaultExecHandle.java:450)
	at org.gradle.process.internal.worker.DefaultWorkerProcess.onProcessStop(DefaultWorkerProcess.java:146)
	at org.gradle.process.internal.worker.DefaultWorkerProcess.access$000(DefaultWorkerProcess.java:43)
	at org.gradle.process.internal.worker.DefaultWorkerProcess$1.executionFinished(DefaultWorkerProcess.java:99)
	at java.base/jdk.internal.reflect.DirectMethodHandleAccessor.invoke(DirectMethodHandleAccessor.java:103)
	at java.base/java.lang.reflect.Method.invoke(Method.java:580)
	at org.gradle.internal.dispatch.MethodInvocation.invokeOn(MethodInvocation.java:77)
	at org.gradle.internal.dispatch.ReflectionDispatch.dispatch(ReflectionDispatch.java:28)
	at org.gradle.internal.dispatch.ReflectionDispatch.dispatch(ReflectionDispatch.java:19)
	at org.gradle.internal.event.AbstractBroadcastDispatch.dispatch(AbstractBroadcastDispatch.java:44)
	at org.gradle.internal.event.BroadcastDispatch$SingletonDispatch.dispatch(BroadcastDispatch.java:270)
	at org.gradle.internal.event.BroadcastDispatch$SingletonDispatch.dispatch(BroadcastDispatch.java:172)
	at org.gradle.internal.event.ListenerBroadcast.dispatch(ListenerBroadcast.java:160)
	at org.gradle.internal.event.ListenerBroadcast.dispatch(ListenerBroadcast.java:37)
	at org.gradle.internal.dispatch.ProxyDispatchAdapter$DispatchingInvocationHandler.invoke(ProxyDispatchAdapter.java:88)
	at jdk.proxy1/jdk.proxy1.$Proxy99.executionFinished(Unknown Source)
	at org.gradle.process.internal.DefaultExecHandle.setEndStateInfo(DefaultExecHandle.java:222)
	at org.gradle.process.internal.DefaultExecHandle.finished(DefaultExecHandle.java:389)
	at org.gradle.process.internal.ExecHandleRunner.completed(ExecHandleRunner.java:164)
	at org.gradle.process.internal.ExecHandleRunner.lambda$run$2(ExecHandleRunner.java:127)
	at org.gradle.internal.operations.CurrentBuildOperationRef.with(CurrentBuildOperationRef.java:84)
	at org.gradle.process.internal.ExecHandleRunner.run(ExecHandleRunner.java:125)
	at org.gradle.internal.concurrent.ExecutorPolicy$CatchAndRecordFailures.onExecute(ExecutorPolicy.java:64)
	at org.gradle.internal.concurrent.AbstractManagedExecutor$1.run(AbstractManagedExecutor.java:47)
	at java.base/java.util.concurrent.ThreadPoolExecutor.runWorker(ThreadPoolExecutor.java:1144)
	at java.base/java.util.concurrent.ThreadPoolExecutor$Worker.run(ThreadPoolExecutor.java:642)
	at java.base/java.lang.Thread.run(Thread.java:1583)
</failure>
  </testcase>
  <system-out><![CDATA[]]></system-out>
  <system-err><![CDATA[]]></system-err>
</testsuite>
