<?xml version="1.0" encoding="UTF-8"?>
<testsuite name="com.example.music.TrackApplicationTests" tests="1" skipped="0" failures="0" errors="0" timestamp="2026-01-06T22:02:06.222Z" hostname="sheldon-Latitude-5300" time="0.446">
  <properties/>
  <testcase name="contextLoads()" classname="com.example.music.TrackApplicationTests" time="0.446"/>
  <system-out><![CDATA[01:02:00.898 [Test worker] INFO org.springframework.test.context.support.AnnotationConfigContextLoaderUtils -- Could not detect default configuration classes for test class [com.example.music.TrackApplicationTests]: TrackApplicationTests does not declare any static, non-private, non-final, nested classes annotated with @Configuration.
01:02:01.007 [Test worker] INFO org.springframework.boot.test.context.SpringBootTestContextBootstrapper -- Found @SpringBootConfiguration com.example.music.MusicApplication for test class com.example.music.TrackApplicationTests

  .   ____          _            __ _ _
 /\\ / ___'_ __ _ _(_)_ __  __ _ \ \ \ \
( ( )\___ | '_ | '_| | '_ \/ _` | \ \ \ \
 \\/  ___)| |_)| | | | | || (_| |  ) ) ) )
  '  |____| .__|_| |_|_| |_\__, | / / / /
 =========|_|==============|___/=/_/_/_/

 :: Spring Boot ::                (v3.4.1)

2026-01-07T01:02:01.487+03:00  INFO 754001 --- [music] [    Test worker] c.example.music.TrackApplicationTests    : Starting TrackApplicationTests using Java 21.0.9 with PID 754001 (started by sheldon in /home/sheldon/IdeaProjects/music)
2026-01-07T01:02:01.489+03:00  INFO 754001 --- [music] [    Test worker] c.example.music.TrackApplicationTests    : No active profile set, falling back to 1 default profile: "default"
2026-01-07T01:02:02.126+03:00  INFO 754001 --- [music] [    Test worker] .s.d.r.c.RepositoryConfigurationDelegate : Multiple Spring Data modules found, entering strict repository configuration mode
2026-01-07T01:02:02.127+03:00  INFO 754001 --- [music] [    Test worker] .s.d.r.c.RepositoryConfigurationDelegate : Bootstrapping Spring Data JDBC repositories in DEFAULT mode.
2026-01-07T01:02:02.157+03:00  INFO 754001 --- [music] [    Test worker] .RepositoryConfigurationExtensionSupport : Spring Data JDBC - Could not safely identify store assignment for repository candidate interface com.example.music.Repo.EventsRepo; If you want this repository to be a JDBC repository, consider annotating your entities with one of these annotations: org.springframework.data.relational.core.mapping.Table.
2026-01-07T01:02:02.158+03:00  INFO 754001 --- [music] [    Test worker] .RepositoryConfigurationExtensionSupport : Spring Data JDBC - Could not safely identify store assignment for repository candidate interface com.example.music.Repo.RoleRepo; If you want this repository to be a JDBC repository, consider annotating your entities with one of these annotations: org.springframework.data.relational.core.mapping.Table.
2026-01-07T01:02:02.159+03:00  INFO 754001 --- [music] [    Test worker] .RepositoryConfigurationExtensionSupport : Spring Data JDBC - Could not safely identify store assignment for repository candidate interface com.example.music.Repo.UserRepo; If you want this repository to be a JDBC repository, consider annotating your entities with one of these annotations: org.springframework.data.relational.core.mapping.Table.
2026-01-07T01:02:02.160+03:00  INFO 754001 --- [music] [    Test worker] .RepositoryConfigurationExtensionSupport : Spring Data JDBC - Could not safely identify store assignment for repository candidate interface com.example.music.Repo.merchandiseRepo; If you want this repository to be a JDBC repository, consider annotating your entities with one of these annotations: org.springframework.data.relational.core.mapping.Table.
2026-01-07T01:02:02.161+03:00  INFO 754001 --- [music] [    Test worker] .RepositoryConfigurationExtensionSupport : Spring Data JDBC - Could not safely identify store assignment for repository candidate interface com.example.music.Repo.trackRepo; If you want this repository to be a JDBC repository, consider annotating your entities with one of these annotations: org.springframework.data.relational.core.mapping.Table.
2026-01-07T01:02:02.161+03:00  INFO 754001 --- [music] [    Test worker] .s.d.r.c.RepositoryConfigurationDelegate : Finished Spring Data repository scanning in 29 ms. Found 0 JDBC repository interfaces.
2026-01-07T01:02:02.170+03:00  INFO 754001 --- [music] [    Test worker] .s.d.r.c.RepositoryConfigurationDelegate : Multiple Spring Data modules found, entering strict repository configuration mode
2026-01-07T01:02:02.171+03:00  INFO 754001 --- [music] [    Test worker] .s.d.r.c.RepositoryConfigurationDelegate : Bootstrapping Spring Data JPA repositories in DEFAULT mode.
2026-01-07T01:02:02.204+03:00  INFO 754001 --- [music] [    Test worker] .s.d.r.c.RepositoryConfigurationDelegate : Finished Spring Data repository scanning in 28 ms. Found 5 JPA repository interfaces.
2026-01-07T01:02:02.659+03:00  INFO 754001 --- [music] [    Test worker] o.hibernate.jpa.internal.util.LogHelper  : HHH000204: Processing PersistenceUnitInfo [name: default]
2026-01-07T01:02:02.706+03:00  INFO 754001 --- [music] [    Test worker] org.hibernate.Version                    : HHH000412: Hibernate ORM core version 6.6.4.Final
2026-01-07T01:02:02.735+03:00  INFO 754001 --- [music] [    Test worker] o.h.c.internal.RegionFactoryInitiator    : HHH000026: Second-level cache disabled
2026-01-07T01:02:02.979+03:00  INFO 754001 --- [music] [    Test worker] o.s.o.j.p.SpringPersistenceUnitInfo      : No LoadTimeWeaver setup: ignoring JPA class transformer
2026-01-07T01:02:03.003+03:00  INFO 754001 --- [music] [    Test worker] com.zaxxer.hikari.HikariDataSource       : HikariPool-1 - Starting...
2026-01-07T01:02:03.423+03:00  INFO 754001 --- [music] [    Test worker] com.zaxxer.hikari.pool.HikariPool        : HikariPool-1 - Added connection org.postgresql.jdbc.PgConnection@3aca2579
2026-01-07T01:02:03.425+03:00  INFO 754001 --- [music] [    Test worker] com.zaxxer.hikari.HikariDataSource       : HikariPool-1 - Start completed.
2026-01-07T01:02:03.465+03:00  WARN 754001 --- [music] [    Test worker] org.hibernate.orm.deprecation            : HHH90000025: PostgreSQLDialect does not need to be specified explicitly using 'hibernate.dialect' (remove the property setting and it will be selected by default)
2026-01-07T01:02:03.488+03:00  INFO 754001 --- [music] [    Test worker] org.hibernate.orm.connections.pooling    : HHH10001005: Database info:
	Database JDBC URL [Connecting through datasource 'HikariDataSource (HikariPool-1)']
	Database driver: undefined/unknown
	Database version: 18.1
	Autocommit mode: undefined/unknown
	Isolation level: undefined/unknown
	Minimum pool size: undefined/unknown
	Maximum pool size: undefined/unknown
2026-01-07T01:02:04.360+03:00  INFO 754001 --- [music] [    Test worker] o.h.e.t.j.p.i.JtaPlatformInitiator       : HHH000489: No JTA platform available (set 'hibernate.transaction.jta.platform' to enable JTA platform integration)
2026-01-07T01:02:04.434+03:00  INFO 754001 --- [music] [    Test worker] j.LocalContainerEntityManagerFactoryBean : Initialized JPA EntityManagerFactory for persistence unit 'default'
2026-01-07T01:02:04.728+03:00  INFO 754001 --- [music] [    Test worker] r$InitializeUserDetailsManagerConfigurer : Global AuthenticationManager configured with UserDetailsService bean with name userDetailService
2026-01-07T01:02:05.413+03:00  WARN 754001 --- [music] [    Test worker] JpaBaseConfiguration$JpaWebConfiguration : spring.jpa.open-in-view is enabled by default. Therefore, database queries may be performed during view rendering. Explicitly configure spring.jpa.open-in-view to disable this warning
2026-01-07T01:02:05.884+03:00  INFO 754001 --- [music] [    Test worker] o.s.v.b.OptionalValidatorFactoryBean     : Failed to set up a Bean Validation provider: jakarta.validation.NoProviderFoundException: Unable to create a Configuration, because no Jakarta Bean Validation provider could be found. Add a provider like Hibernate Validator (RI) to your classpath.
2026-01-07T01:02:06.204+03:00  INFO 754001 --- [music] [    Test worker] c.example.music.TrackApplicationTests    : Started TrackApplicationTests in 4.997 seconds (process running for 6.256)
]]></system-out>
  <system-err><![CDATA[Mockito is currently self-attaching to enable the inline-mock-maker. This will no longer work in future releases of the JDK. Please add Mockito as an agent to your build what is described in Mockito's documentation: https://javadoc.io/doc/org.mockito/mockito-core/latest/org/mockito/Mockito.html#0.3
WARNING: A Java agent has been loaded dynamically (/home/sheldon/.gradle/caches/modules-2/files-2.1/net.bytebuddy/byte-buddy-agent/1.15.11/a38b16385e867f59a641330f0362ebe742788ed8/byte-buddy-agent-1.15.11.jar)
WARNING: If a serviceability tool is in use, please run with -XX:+EnableDynamicAgentLoading to hide this warning
WARNING: If a serviceability tool is not in use, please run with -Djdk.instrument.traceUsage for more information
WARNING: Dynamic loading of agents will be disallowed by default in a future release
]]></system-err>
</testsuite>
